<?xml version="1.0" encoding="UTF-8"?>
<testng-results skipped="0" failed="0" ignored="0" total="1" passed="1">
  <reporter-output>
  </reporter-output>
  <suite name="Default suite" duration-ms="48277" started-at="2018-05-17T07:36:27Z" finished-at="2018-05-17T07:37:15Z">
    <groups>
    </groups>
    <test name="Default test" duration-ms="48277" started-at="2018-05-17T07:36:27Z" finished-at="2018-05-17T07:37:15Z">
      <class name="NewTest">
        <test-method status="PASS" signature="test()[pri:0, instance:NewTest@6ee52dcd]" name="test" duration-ms="48071" started-at="2018-05-17T07:36:27Z" finished-at="2018-05-17T07:37:15Z">
          <reporter-output>
          </reporter-output>
        </test-method> <!-- test -->
      </class> <!-- NewTest -->
    </test> <!-- Default test -->
  </suite> <!-- Default suite -->
</testng-results>
